<?xml version="1.0" encoding="UTF-8"?>
<!-- Generated by org.testng.reporters.JUnitReportReporter -->
<testsuite hostname="PHANISON-ACER-SWIFT-3" failures="0" tests="4" name="com.basic.BasicTest" time="67.215" errors="0" timestamp="2021-05-16T00:55:20 IST" skipped="0">
  <testcase classname="com.basic.BasicTest" name="addition" time="17.144"/>
  <system-out/>
  <testcase classname="com.basic.BasicTest" name="subtraction" time="16.463"/>
  <system-out/>
  <testcase classname="com.basic.BasicTest" name="multiplication" time="16.771"/>
  <system-out/>
  <testcase classname="com.basic.BasicTest" name="division" time="16.837"/>
  <system-out/>
</testsuite> <!-- com.basic.BasicTest -->
