<?xml version="1.0" encoding="UTF-8"?>
<!-- Generated by org.testng.reporters.JUnitReportReporter -->
<testsuite hostname="PHANISON-ACER-SWIFT-3" failures="0" tests="1" name="com.basic.BasicTest" time="22.927" errors="0" timestamp="2021-05-25T11:20:46 IST" skipped="0">
  <testcase classname="com.basic.BasicTest" name="addition" time="22.927"/>
  <system-out/>
</testsuite> <!-- com.basic.BasicTest -->
